x:\evaluator\export\problem2.1\big_int_test.cpp(98): error C2676: binary '%' : 'big_int' does not define this operator or a conversion to a type acceptable to the predefined operator [X:\evaluator\export\problem2.1\build.xml]
x:\evaluator\export\problem2.1\big_int_test.cpp(98): error C2780: 'bool boost::test_tools::tt_detail::check_frwd(Pred,const boost::unit_test::lazy_ostream &,boost::test_tools::const_string,size_t,boost::test_tools::tt_detail::tool_level,boost::test_tools::tt_detail::check_type,const Arg0 &,const char *,const Arg1 &,const char *,const Arg2 &,const char *,const Arg3 &,const char *,const Arg4 &,const char *)' : expects 16 arguments - 10 provided [X:\evaluator\export\problem2.1\build.xml]
x:\evaluator\export\problem2.1\big_int_test.cpp(98): error C2780: 'bool boost::test_tools::tt_detail::check_frwd(Pred,const boost::unit_test::lazy_ostream &,boost::test_tools::const_string,size_t,boost::test_tools::tt_detail::tool_level,boost::test_tools::tt_detail::check_type,const Arg0 &,const char *,const Arg1 &,const char *,const Arg2 &,const char *,const Arg3 &,const char *)' : expects 14 arguments - 10 provided [X:\evaluator\export\problem2.1\build.xml]
x:\evaluator\export\problem2.1\big_int_test.cpp(98): error C2780: 'bool boost::test_tools::tt_detail::check_frwd(Pred,const boost::unit_test::lazy_ostream &,boost::test_tools::const_string,size_t,boost::test_tools::tt_detail::tool_level,boost::test_tools::tt_detail::check_type,const Arg0 &,const char *,const Arg1 &,const char *,const Arg2 &,const char *)' : expects 12 arguments - 10 provided [X:\evaluator\export\problem2.1\build.xml]
x:\evaluator\export\problem2.1\big_int_test.cpp(98): error C2780: 'bool boost::test_tools::tt_detail::check_frwd(Pred,const boost::unit_test::lazy_ostream &,boost::test_tools::const_string,size_t,boost::test_tools::tt_detail::tool_level,boost::test_tools::tt_detail::check_type,const Arg0 &,const char *)' : expects 8 arguments - 10 provided [X:\evaluator\export\problem2.1\build.xml]
x:\evaluator\export\problem2.1\big_int_test.cpp(102): error C2665: 'abs' : none of the 6 overloads could convert all the argument types [X:\evaluator\export\problem2.1\build.xml]
x:\evaluator\export\problem2.1\big_int_test.cpp(102): error C2780: 'bool boost::test_tools::tt_detail::check_frwd(Pred,const boost::unit_test::lazy_ostream &,boost::test_tools::const_string,size_t,boost::test_tools::tt_detail::tool_level,boost::test_tools::tt_detail::check_type,const Arg0 &,const char *,const Arg1 &,const char *,const Arg2 &,const char *,const Arg3 &,const char *,const Arg4 &,const char *)' : expects 16 arguments - 10 provided [X:\evaluator\export\problem2.1\build.xml]
x:\evaluator\export\problem2.1\big_int_test.cpp(102): error C2780: 'bool boost::test_tools::tt_detail::check_frwd(Pred,const boost::unit_test::lazy_ostream &,boost::test_tools::const_string,size_t,boost::test_tools::tt_detail::tool_level,boost::test_tools::tt_detail::check_type,const Arg0 &,const char *,const Arg1 &,const char *,const Arg2 &,const char *,const Arg3 &,const char *)' : expects 14 arguments - 10 provided [X:\evaluator\export\problem2.1\build.xml]
x:\evaluator\export\problem2.1\big_int_test.cpp(102): error C2780: 'bool boost::test_tools::tt_detail::check_frwd(Pred,const boost::unit_test::lazy_ostream &,boost::test_tools::const_string,size_t,boost::test_tools::tt_detail::tool_level,boost::test_tools::tt_detail::check_type,const Arg0 &,const char *,const Arg1 &,const char *,const Arg2 &,const char *)' : expects 12 arguments - 10 provided [X:\evaluator\export\problem2.1\build.xml]
x:\evaluator\export\problem2.1\big_int_test.cpp(102): error C2780: 'bool boost::test_tools::tt_detail::check_frwd(Pred,const boost::unit_test::lazy_ostream &,boost::test_tools::const_string,size_t,boost::test_tools::tt_detail::tool_level,boost::test_tools::tt_detail::check_type,const Arg0 &,const char *)' : expects 8 arguments - 10 provided [X:\evaluator\export\problem2.1\build.xml]
x:\evaluator\export\problem2.1\big_int_test.cpp(144): error C2676: binary '%' : 'big_int' does not define this operator or a conversion to a type acceptable to the predefined operator [X:\evaluator\export\problem2.1\build.xml]
x:\evaluator\export\problem2.1\big_int_test.cpp(149): error C2665: 'abs' : none of the 6 overloads could convert all the argument types [X:\evaluator\export\problem2.1\build.xml]
x:\evaluator\export\problem2.1\big_int_test.cpp(154): error C2665: 'abs' : none of the 6 overloads could convert all the argument types [X:\evaluator\export\problem2.1\build.xml]
x:\evaluator\export\problem2.1\big_int_test.cpp(173): error C2676: binary '/=' : 'big_int' does not define this operator or a conversion to a type acceptable to the predefined operator [X:\evaluator\export\problem2.1\build.xml]
x:\evaluator\export\problem2.1\big_int_test.cpp(177): error C2676: binary '%=' : 'big_int' does not define this operator or a conversion to a type acceptable to the predefined operator [X:\evaluator\export\problem2.1\build.xml]
x:\evaluator\export\problem2.1\big_int_test.cpp(178): error C2676: binary '%' : 'big_int' does not define this operator or a conversion to a type acceptable to the predefined operator [X:\evaluator\export\problem2.1\build.xml]
x:\evaluator\export\problem2.1\big_int_test.cpp(178): error C2780: 'bool boost::test_tools::tt_detail::check_frwd(Pred,const boost::unit_test::lazy_ostream &,boost::test_tools::const_string,size_t,boost::test_tools::tt_detail::tool_level,boost::test_tools::tt_detail::check_type,const Arg0 &,const char *,const Arg1 &,const char *,const Arg2 &,const char *,const Arg3 &,const char *,const Arg4 &,const char *)' : expects 16 arguments - 10 provided [X:\evaluator\export\problem2.1\build.xml]
x:\evaluator\export\problem2.1\big_int_test.cpp(178): error C2780: 'bool boost::test_tools::tt_detail::check_frwd(Pred,const boost::unit_test::lazy_ostream &,boost::test_tools::const_string,size_t,boost::test_tools::tt_detail::tool_level,boost::test_tools::tt_detail::check_type,const Arg0 &,const char *,const Arg1 &,const char *,const Arg2 &,const char *,const Arg3 &,const char *)' : expects 14 arguments - 10 provided [X:\evaluator\export\problem2.1\build.xml]
x:\evaluator\export\problem2.1\big_int_test.cpp(178): error C2780: 'bool boost::test_tools::tt_detail::check_frwd(Pred,const boost::unit_test::lazy_ostream &,boost::test_tools::const_string,size_t,boost::test_tools::tt_detail::tool_level,boost::test_tools::tt_detail::check_type,const Arg0 &,const char *,const Arg1 &,const char *,const Arg2 &,const char *)' : expects 12 arguments - 10 provided [X:\evaluator\export\problem2.1\build.xml]
x:\evaluator\export\problem2.1\big_int_test.cpp(178): error C2780: 'bool boost::test_tools::tt_detail::check_frwd(Pred,const boost::unit_test::lazy_ostream &,boost::test_tools::const_string,size_t,boost::test_tools::tt_detail::tool_level,boost::test_tools::tt_detail::check_type,const Arg0 &,const char *)' : expects 8 arguments - 10 provided [X:\evaluator\export\problem2.1\build.xml]
x:\evaluator\export\problem2.1\big_int_test.cpp(181): error C2665: 'abs' : none of the 6 overloads could convert all the argument types [X:\evaluator\export\problem2.1\build.xml]
x:\evaluator\export\problem2.1\big_int_test.cpp(182): error C2665: 'abs' : none of the 6 overloads could convert all the argument types [X:\evaluator\export\problem2.1\build.xml]
x:\evaluator\export\problem2.1\big_int_test.cpp(183): error C2665: 'abs' : none of the 6 overloads could convert all the argument types [X:\evaluator\export\problem2.1\build.xml]
x:\evaluator\export\problem2.1\big_int_test.cpp(183): error C2665: 'abs' : none of the 6 overloads could convert all the argument types [X:\evaluator\export\problem2.1\build.xml]
x:\evaluator\export\problem2.1\big_int_test.cpp(277): error C2039: 'swap' : is not a member of 'big_int' [X:\evaluator\export\problem2.1\build.xml]
x:\evaluator\export\problem2.1\big_int_test.cpp(281): error C2039: 'swap' : is not a member of 'big_int' [X:\evaluator\export\problem2.1\build.xml]
x:\evaluator\export\problem2.1\big_int_test.cpp(285): error C2039: 'swap' : is not a member of 'big_int' [X:\evaluator\export\problem2.1\build.xml]
x:\evaluator\export\problem2.1\big_int_test.cpp(289): error C2039: 'swap' : is not a member of 'big_int' [X:\evaluator\export\problem2.1\build.xml]

[Generated at May 9, 2011 5:16:53 PM GMT+03:00]

